running egg_info
creating ../build/package_lab1/package_lab1.egg-info
writing ../build/package_lab1/package_lab1.egg-info/PKG-INFO
writing dependency_links to ../build/package_lab1/package_lab1.egg-info/dependency_links.txt
writing entry points to ../build/package_lab1/package_lab1.egg-info/entry_points.txt
writing requirements to ../build/package_lab1/package_lab1.egg-info/requires.txt
writing top-level names to ../build/package_lab1/package_lab1.egg-info/top_level.txt
writing manifest file '../build/package_lab1/package_lab1.egg-info/SOURCES.txt'
reading manifest file '../build/package_lab1/package_lab1.egg-info/SOURCES.txt'
writing manifest file '../build/package_lab1/package_lab1.egg-info/SOURCES.txt'
running build
running build_py
creating /home/stanislau/studia/anro/dev_ws/src/klimuk_stankevich/build/package_lab1/build
creating /home/stanislau/studia/anro/dev_ws/src/klimuk_stankevich/build/package_lab1/build/lib
creating /home/stanislau/studia/anro/dev_ws/src/klimuk_stankevich/build/package_lab1/build/lib/package_lab1
copying package_lab1/__init__.py -> /home/stanislau/studia/anro/dev_ws/src/klimuk_stankevich/build/package_lab1/build/lib/package_lab1
copying package_lab1/sterowanie_zolwiem.py -> /home/stanislau/studia/anro/dev_ws/src/klimuk_stankevich/build/package_lab1/build/lib/package_lab1
running install
running install_lib
creating /home/stanislau/studia/anro/dev_ws/src/klimuk_stankevich/install/package_lab1/lib/python3.8/site-packages/package_lab1
copying /home/stanislau/studia/anro/dev_ws/src/klimuk_stankevich/build/package_lab1/build/lib/package_lab1/__init__.py -> /home/stanislau/studia/anro/dev_ws/src/klimuk_stankevich/install/package_lab1/lib/python3.8/site-packages/package_lab1
copying /home/stanislau/studia/anro/dev_ws/src/klimuk_stankevich/build/package_lab1/build/lib/package_lab1/sterowanie_zolwiem.py -> /home/stanislau/studia/anro/dev_ws/src/klimuk_stankevich/install/package_lab1/lib/python3.8/site-packages/package_lab1
byte-compiling /home/stanislau/studia/anro/dev_ws/src/klimuk_stankevich/install/package_lab1/lib/python3.8/site-packages/package_lab1/__init__.py to __init__.cpython-38.pyc
byte-compiling /home/stanislau/studia/anro/dev_ws/src/klimuk_stankevich/install/package_lab1/lib/python3.8/site-packages/package_lab1/sterowanie_zolwiem.py to sterowanie_zolwiem.cpython-38.pyc
running install_data
creating /home/stanislau/studia/anro/dev_ws/src/klimuk_stankevich/install/package_lab1/share/ament_index
creating /home/stanislau/studia/anro/dev_ws/src/klimuk_stankevich/install/package_lab1/share/ament_index/resource_index
creating /home/stanislau/studia/anro/dev_ws/src/klimuk_stankevich/install/package_lab1/share/ament_index/resource_index/packages
copying resource/package_lab1 -> /home/stanislau/studia/anro/dev_ws/src/klimuk_stankevich/install/package_lab1/share/ament_index/resource_index/packages
copying package.xml -> /home/stanislau/studia/anro/dev_ws/src/klimuk_stankevich/install/package_lab1/share/package_lab1
running install_egg_info
Copying ../build/package_lab1/package_lab1.egg-info to /home/stanislau/studia/anro/dev_ws/src/klimuk_stankevich/install/package_lab1/lib/python3.8/site-packages/package_lab1-0.0.0-py3.8.egg-info
running install_scripts
Installing sterowanie_zolwiem script to /home/stanislau/studia/anro/dev_ws/src/klimuk_stankevich/install/package_lab1/lib/package_lab1
writing list of installed files to '/home/stanislau/studia/anro/dev_ws/src/klimuk_stankevich/build/package_lab1/install.log'
